<?xml version="1.0" encoding="UTF-8"?>
<testsuite name="com.swapi.TestStarWars" tests="1" skipped="0" failures="0" errors="0" timestamp="2019-12-30T18:38:54" hostname="MacBooks-MacBook-Pro.local" time="3.629">
  <properties/>
  <testcase name="verifyThatFilmographyIsValidForCharacter1" classname="com.swapi.TestStarWars" time="3.629"/>
  <system-out><![CDATA[Request method:	GET
Request URI:	https://swapi.co/api/people/1/
Proxy:			<none>
Request params:	<none>
Query params:	<none>
Form params:	<none>
Path params:	<none>
Headers:		Accept=*/*
				Content-Type=application/json; charset=UTF-8
Cookies:		<none>
Multiparts:		<none>
Body:			<none>
]]></system-out>
  <system-err><![CDATA[]]></system-err>
</testsuite>
